===============================================================
Gobuster v3.6
by OJ Reeves (@TheColonial) & Christian Mehlmauer (@firefart)
===============================================================
[+] Url:                     http://10.112.150.46
[+] Method:                  GET
[+] Threads:                 30
[+] Wordlist:                /usr/share/dirb/wordlists/common.txt
[+] Negative Status codes:   404
[+] User Agent:              gobuster/3.6
[+] Timeout:                 10s
===============================================================
Starting gobuster in directory enumeration mode
===============================================================
[2K/.hta                 (Status: 403) [Size: 278]
[2K/.htpasswd            (Status: 403) [Size: 278]
[2K/.htaccess            (Status: 403) [Size: 278]
[2K/assets               (Status: 301) [Size: 315] [--> http://10.112.150.46/assets/]
[2K/index.html           (Status: 200) [Size: 1062]
[2K/robots.txt           (Status: 200) [Size: 17]
[2K/server-status        (Status: 403) [Size: 278]

===============================================================
Finished
===============================================================
