===============================================================
Gobuster v3.6
by OJ Reeves (@TheColonial) & Christian Mehlmauer (@firefart)
===============================================================
[+] Url:                     http://10.112.150.46
[+] Method:                  GET
[+] Threads:                 30
[+] Wordlist:                /usr/share/dirb/wordlists/big.txt
[+] Negative Status codes:   404
[+] User Agent:              gobuster/3.6
[+] Extensions:              txt,php,html
[+] Timeout:                 10s
===============================================================
Starting gobuster in directory enumeration mode
===============================================================
[2K/.htaccess            (Status: 403) [Size: 278]
[2K/.htaccess.html       (Status: 403) [Size: 278]
[2K/.htaccess.txt        (Status: 403) [Size: 278]
[2K/.htpasswd            (Status: 403) [Size: 278]
[2K/.htaccess.php        (Status: 403) [Size: 278]
[2K/.htpasswd.php        (Status: 403) [Size: 278]
[2K/.htpasswd.html       (Status: 403) [Size: 278]
[2K/.htpasswd.txt        (Status: 403) [Size: 278]
[2K/assets               (Status: 301) [Size: 315] [--> http://10.112.150.46/assets/]
[2K/denied.php           (Status: 302) [Size: 0] [--> /login.php]
[2K/index.html           (Status: 200) [Size: 1062]
[2K/login.php            (Status: 200) [Size: 882]
[2K/portal.php           (Status: 302) [Size: 0] [--> /login.php]
[2K/robots.txt           (Status: 200) [Size: 17]
[2K/robots.txt           (Status: 200) [Size: 17]
[2K/server-status        (Status: 403) [Size: 278]

===============================================================
Finished
===============================================================
