nmap - основной инструмент для скана портов.
основные режимы
	-sT - сканирование осуществляется полным соединение т.е SYN->SYN/ASK->ASK, самое заментое сканирование 
	-sS - сканирование осществляется не полным соединением т.е SYN->SYN/ASK, меньше шансов быть заментым.
	-sU - сканирует порты по протоколу UDP, в отличие от TCP сканирования сдесь нет подтверждения доставки. Сканирование проиходит следующим образом, если в ответ приходит ICMP-ошибка "port-unreachable" считается порт закрыт, если ответа нет то считается что порт "open|filtered" т.е открыт или фильтруется фаерволом, если пришел ответ то считаем что порт открыт. Используется для поиска забытых сервисов, очень медленный поэтому стоит использовать только для конкретных портов т.е пользоваться параметром -p.
	-sN, -sF, -sX - стелс сканирование, использовать только для Unix-подобных системах, на Windows работать не будет. 
	-sA - сканирование фаервола, отправляется пакет с флагом ACK, если приходит RST значит пакет прошел фаервол и порт считается unfiltered, если ответа нет или приходит ошибка ICMP значит порт filtered. Часто использутеся с параметрами -p- (все порты) и --reason чтобы узнать причину.
	-sV - сканирует открытые порты, чтобы узнать название и версию программы.
	-sC - запускает набор стандартных скриптов NSE.


Состояния портов:
	open - сервис работает и ждет.
	closed - хост ответил что сервис не работает.
	filtered - фаервол блокирует пакеты.
	unfiltered - фаервол пропускает пакеты.
	open|filtered - либо открыто либо блокируется.

Дополнительные параметры:
	-Pn - проверка без пинга, считаем что хост работает.
	-n - запрещаем nmap превращать ip адреса в доменные имена, для ускорения работы.
	-T0-5 - скорость работы 0 медленно 5 оч. быстро по умолчанию работает 3. Чем ниже скорость сканирования тем менее оно заметно. 
	-p- - все порты.
	-top-ports <число> - сканировать популярные порты.
	-O - узнать название операционной системы на хосте.

NSE - nmap scripting engine:
	--script=<название скрипта> например --script=vuln проверить хост на популярные уязвимости.





